<?xml version="1.0" encoding="UTF-8"?>
<testng-results ignored="0" total="1" passed="1" failed="0" skipped="0">
  <reporter-output>
  </reporter-output>
  <suite started-at="2025-04-03T10:33:40 IST" name="Suite" finished-at="2025-04-03T10:33:58 IST" duration-ms="18376">
    <groups>
    </groups>
    <test started-at="2025-04-03T10:33:40 IST" name="Test" finished-at="2025-04-03T10:33:58 IST" duration-ms="18376">
      <class name="testCases.LoginMyn">
        <test-method is-config="true" signature="setUp()[pri:0, instance:testCases.LoginMyn@4e5ed836]" started-at="2025-04-03T10:33:40 IST" name="setUp" finished-at="2025-04-03T10:33:50 IST" duration-ms="10712" status="PASS">
          <reporter-output>
          </reporter-output>
        </test-method> <!-- setUp -->
        <test-method signature="Login()[pri:1, instance:testCases.LoginMyn@4e5ed836]" started-at="2025-04-03T10:33:50 IST" name="Login" finished-at="2025-04-03T10:33:57 IST" duration-ms="6181" status="PASS">
          <reporter-output>
          </reporter-output>
        </test-method> <!-- Login -->
        <test-method is-config="true" signature="tearDown()[pri:0, instance:testCases.LoginMyn@4e5ed836]" started-at="2025-04-03T10:33:57 IST" name="tearDown" finished-at="2025-04-03T10:33:58 IST" duration-ms="1376" status="PASS">
          <reporter-output>
          </reporter-output>
        </test-method> <!-- tearDown -->
      </class> <!-- testCases.LoginMyn -->
    </test> <!-- Test -->
  </suite> <!-- Suite -->
</testng-results>
